<?xml version="1.0" encoding="UTF-8"?>
<!-- Generated by org.testng.reporters.JUnitXMLReporter -->
<testsuite hostname="LAPTOP-SNK6G6B5" name="AddEmployee" tests="3" failures="0" timestamp="18 Nov 2022 13:18:48 GMT" time="217.572" errors="0">
  <testcase name="logIn" time="4.622" classname="com.OHRMTestCases.AddEmployee"/>
  <testcase name="addEmployee" time="3.149" classname="com.OHRMTestCases.AddEmployee"/>
  <testcase name="sendEmployeeDetails" time="203.143" classname="com.OHRMTestCases.AddEmployee"/>
</testsuite> <!-- AddEmployee -->
