<?xml version="1.0" encoding="UTF-8"?>
<!-- Generated by org.testng.reporters.JUnitXMLReporter -->
<testsuite hostname="LAPTOP-SNK6G6B5" name="ExtractinEmployeeDetails" tests="2" failures="0" timestamp="18 Nov 2022 13:19:25 GMT" time="37.411" errors="0">
  <testcase name="login" time="4.37" classname="com.OHRMTestCases.ExtractingEmployeeDetails"/>
  <testcase name="findingdata" time="26.771" classname="com.OHRMTestCases.ExtractingEmployeeDetails"/>
</testsuite> <!-- ExtractinEmployeeDetails -->
