<?xml version="1.0" encoding="UTF-8"?>
<!-- Generated by org.testng.reporters.JUnitXMLReporter -->
<testsuite hostname="LAPTOP-SNK6G6B5" name="Default test" tests="3" failures="0" timestamp="25 Nov 2022 10:49:45 GMT" time="9.01" errors="0">
  <testcase name="logInTest" time="2.699" classname="com.OrangeHRM.LogInTest"/>
  <testcase name="welComeAdminTest" time="0.139" classname="com.OrangeHRM.LogInTest"/>
  <testcase name="logOutTest" time="1.261" classname="com.OrangeHRM.LogInTest"/>
</testsuite> <!-- Default test -->
