<?xml version="1.0" encoding="UTF-8"?>
<!-- Generated by org.testng.reporters.JUnitXMLReporter -->
<testsuite hostname="LAPTOP-SNK6G6B5" name="Default test" tests="5" failures="0" timestamp="21 Nov 2022 18:18:49 GMT" time="17.894" errors="0">
  <testcase name="logInPanelTextValidationTest" time="0.093" classname="com.OHRM.TestCases.LogInPageTest"/>
  <testcase name="logInPageLogoValidationTest" time="0.083" classname="com.OHRM.TestCases.LogInPageTest"/>
  <testcase name="logInTest" time="2.912" classname="com.OHRM.TestCases.LogInPageTest"/>
  <testcase name="logInPageTitleValidationTest" time="0.016" classname="com.OHRM.TestCases.LogInPageTest"/>
  <testcase name="logInPageUrlAddressValidationTest" time="0.002" classname="com.OHRM.TestCases.LogInPageTest"/>
</testsuite> <!-- Default test -->
