<?xml version="1.0" encoding="UTF-8"?>
<testng-results skipped="0" failed="0" total="3" passed="3">
  <reporter-output>
  </reporter-output>
  <suite name="Default suite" duration-ms="219100" started-at="2022-11-18T17:34:27Z" finished-at="2022-11-18T17:38:06Z">
    <groups>
    </groups>
    <test name="Default test" duration-ms="219100" started-at="2022-11-18T17:34:27Z" finished-at="2022-11-18T17:38:06Z">
      <class name="com.OHRMTestCases.AddEmployee">
        <test-method status="PASS" signature="setUp()[pri:0, instance:com.OHRMTestCases.AddEmployee@2d6e8792]" name="setUp" is-config="true" duration-ms="6941" started-at="2022-11-18T23:04:27Z" finished-at="2022-11-18T23:04:34Z">
          <reporter-output>
          </reporter-output>
        </test-method> <!-- setUp -->
        <test-method status="PASS" signature="logIn()[pri:1, instance:com.OHRMTestCases.AddEmployee@2d6e8792]" name="logIn" duration-ms="4794" started-at="2022-11-18T23:04:34Z" finished-at="2022-11-18T23:04:39Z">
          <reporter-output>
          </reporter-output>
        </test-method> <!-- logIn -->
        <test-method status="PASS" signature="addEmployee()[pri:2, instance:com.OHRMTestCases.AddEmployee@2d6e8792]" name="addEmployee" duration-ms="3081" started-at="2022-11-18T23:04:39Z" finished-at="2022-11-18T23:04:42Z">
          <reporter-output>
          </reporter-output>
        </test-method> <!-- addEmployee -->
        <test-method status="PASS" signature="sendEmployeeDetails()[pri:3, instance:com.OHRMTestCases.AddEmployee@2d6e8792]" name="sendEmployeeDetails" duration-ms="203432" started-at="2022-11-18T23:04:42Z" finished-at="2022-11-18T23:08:05Z">
          <reporter-output>
          </reporter-output>
        </test-method> <!-- sendEmployeeDetails -->
        <test-method status="PASS" signature="tearDown()[pri:0, instance:com.OHRMTestCases.AddEmployee@2d6e8792]" name="tearDown" is-config="true" duration-ms="827" started-at="2022-11-18T23:08:05Z" finished-at="2022-11-18T23:08:06Z">
          <reporter-output>
          </reporter-output>
        </test-method> <!-- tearDown -->
      </class> <!-- com.OHRMTestCases.AddEmployee -->
    </test> <!-- Default test -->
  </suite> <!-- Default suite -->
</testng-results>
