<?xml version="1.0" encoding="UTF-8"?>
<!-- Generated by org.testng.reporters.JUnitXMLReporter -->
<testsuite hostname="LAPTOP-SNK6G6B5" name="Default test" tests="3" failures="0" timestamp="18 Nov 2022 17:38:06 GMT" time="219.1" errors="0">
  <testcase name="logIn" time="4.794" classname="com.OHRMTestCases.AddEmployee"/>
  <testcase name="addEmployee" time="3.081" classname="com.OHRMTestCases.AddEmployee"/>
  <testcase name="sendEmployeeDetails" time="203.432" classname="com.OHRMTestCases.AddEmployee"/>
</testsuite> <!-- Default test -->
