<?xml version="1.0" encoding="UTF-8"?>
<testng-results skipped="0" failed="0" total="5" passed="5">
  <reporter-output>
  </reporter-output>
  <suite name="Default suite" duration-ms="17894" started-at="2022-11-21T18:18:31Z" finished-at="2022-11-21T18:18:49Z">
    <groups>
    </groups>
    <test name="Default test" duration-ms="17894" started-at="2022-11-21T18:18:31Z" finished-at="2022-11-21T18:18:49Z">
      <class name="com.OHRM.TestCases.LogInPageTest">
        <test-method status="PASS" signature="tearDown()[pri:0, instance:com.OHRM.TestCases.LogInPageTest@7dc36524]" name="tearDown" is-config="true" duration-ms="3158" started-at="2022-11-21T23:48:31Z" finished-at="2022-11-21T23:48:34Z">
          <reporter-output>
          </reporter-output>
        </test-method> <!-- tearDown -->
        <test-method status="PASS" signature="logInPanelTextValidationTest()[pri:1, instance:com.OHRM.TestCases.LogInPageTest@7dc36524]" name="logInPanelTextValidationTest" duration-ms="93" started-at="2022-11-21T23:48:34Z" finished-at="2022-11-21T23:48:35Z">
          <reporter-output>
          </reporter-output>
        </test-method> <!-- logInPanelTextValidationTest -->
        <test-method status="PASS" signature="ram()[pri:0, instance:com.OHRM.TestCases.LogInPageTest@7dc36524]" name="ram" is-config="true" duration-ms="665" started-at="2022-11-21T23:48:35Z" finished-at="2022-11-21T23:48:35Z">
          <reporter-output>
          </reporter-output>
        </test-method> <!-- ram -->
        <test-method status="PASS" signature="tearDown()[pri:0, instance:com.OHRM.TestCases.LogInPageTest@7dc36524]" name="tearDown" is-config="true" duration-ms="2111" started-at="2022-11-21T23:48:35Z" finished-at="2022-11-21T23:48:37Z">
          <reporter-output>
          </reporter-output>
        </test-method> <!-- tearDown -->
        <test-method status="PASS" signature="logInPageLogoValidationTest()[pri:2, instance:com.OHRM.TestCases.LogInPageTest@7dc36524]" name="logInPageLogoValidationTest" duration-ms="83" started-at="2022-11-21T23:48:37Z" finished-at="2022-11-21T23:48:37Z">
          <reporter-output>
          </reporter-output>
        </test-method> <!-- logInPageLogoValidationTest -->
        <test-method status="PASS" signature="ram()[pri:0, instance:com.OHRM.TestCases.LogInPageTest@7dc36524]" name="ram" is-config="true" duration-ms="650" started-at="2022-11-21T23:48:37Z" finished-at="2022-11-21T23:48:38Z">
          <reporter-output>
          </reporter-output>
        </test-method> <!-- ram -->
        <test-method status="PASS" signature="tearDown()[pri:0, instance:com.OHRM.TestCases.LogInPageTest@7dc36524]" name="tearDown" is-config="true" duration-ms="2131" started-at="2022-11-21T23:48:38Z" finished-at="2022-11-21T23:48:40Z">
          <reporter-output>
          </reporter-output>
        </test-method> <!-- tearDown -->
        <test-method status="PASS" signature="logInTest()[pri:3, instance:com.OHRM.TestCases.LogInPageTest@7dc36524]" name="logInTest" duration-ms="2912" started-at="2022-11-21T23:48:40Z" finished-at="2022-11-21T23:48:43Z">
          <reporter-output>
          </reporter-output>
        </test-method> <!-- logInTest -->
        <test-method status="PASS" signature="ram()[pri:0, instance:com.OHRM.TestCases.LogInPageTest@7dc36524]" name="ram" is-config="true" duration-ms="672" started-at="2022-11-21T23:48:43Z" finished-at="2022-11-21T23:48:44Z">
          <reporter-output>
          </reporter-output>
        </test-method> <!-- ram -->
        <test-method status="PASS" signature="tearDown()[pri:0, instance:com.OHRM.TestCases.LogInPageTest@7dc36524]" name="tearDown" is-config="true" duration-ms="2082" started-at="2022-11-21T23:48:44Z" finished-at="2022-11-21T23:48:46Z">
          <reporter-output>
          </reporter-output>
        </test-method> <!-- tearDown -->
        <test-method status="PASS" signature="logInPageTitleValidationTest()[pri:4, instance:com.OHRM.TestCases.LogInPageTest@7dc36524]" name="logInPageTitleValidationTest" duration-ms="16" started-at="2022-11-21T23:48:46Z" finished-at="2022-11-21T23:48:46Z">
          <reporter-output>
          </reporter-output>
        </test-method> <!-- logInPageTitleValidationTest -->
        <test-method status="PASS" signature="ram()[pri:0, instance:com.OHRM.TestCases.LogInPageTest@7dc36524]" name="ram" is-config="true" duration-ms="658" started-at="2022-11-21T23:48:46Z" finished-at="2022-11-21T23:48:47Z">
          <reporter-output>
          </reporter-output>
        </test-method> <!-- ram -->
        <test-method status="PASS" signature="tearDown()[pri:0, instance:com.OHRM.TestCases.LogInPageTest@7dc36524]" name="tearDown" is-config="true" duration-ms="1994" started-at="2022-11-21T23:48:47Z" finished-at="2022-11-21T23:48:49Z">
          <reporter-output>
          </reporter-output>
        </test-method> <!-- tearDown -->
        <test-method status="PASS" signature="logInPageUrlAddressValidationTest()[pri:5, instance:com.OHRM.TestCases.LogInPageTest@7dc36524]" name="logInPageUrlAddressValidationTest" duration-ms="2" started-at="2022-11-21T23:48:49Z" finished-at="2022-11-21T23:48:49Z">
          <reporter-output>
          </reporter-output>
        </test-method> <!-- logInPageUrlAddressValidationTest -->
        <test-method status="PASS" signature="ram()[pri:0, instance:com.OHRM.TestCases.LogInPageTest@7dc36524]" name="ram" is-config="true" duration-ms="636" started-at="2022-11-21T23:48:49Z" finished-at="2022-11-21T23:48:49Z">
          <reporter-output>
          </reporter-output>
        </test-method> <!-- ram -->
      </class> <!-- com.OHRM.TestCases.LogInPageTest -->
    </test> <!-- Default test -->
  </suite> <!-- Default suite -->
</testng-results>
