<?xml version="1.0" encoding="UTF-8"?>
<testng-results skipped="0" failed="0" total="1" passed="1">
  <reporter-output>
  </reporter-output>
  <suite name="Default suite" duration-ms="21494" started-at="2022-11-12T19:10:38Z" finished-at="2022-11-12T19:11:00Z">
    <groups>
    </groups>
    <test name="Default test" duration-ms="21494" started-at="2022-11-12T19:10:38Z" finished-at="2022-11-12T19:11:00Z">
      <class name="Ohrm.OrangeHRM.OrangeHRMLogin">
        <test-method status="PASS" signature="setUp()[pri:0, instance:Ohrm.OrangeHRM.OrangeHRMLogin@79698539]" name="setUp" is-config="true" duration-ms="7567" started-at="2022-11-13T00:40:38Z" finished-at="2022-11-13T00:40:46Z">
          <reporter-output>
          </reporter-output>
        </test-method> <!-- setUp -->
        <test-method status="PASS" signature="Login()[pri:0, instance:Ohrm.OrangeHRM.OrangeHRMLogin@79698539]" name="Login" duration-ms="13081" started-at="2022-11-13T00:40:46Z" finished-at="2022-11-13T00:40:59Z">
          <reporter-output>
          </reporter-output>
        </test-method> <!-- Login -->
        <test-method status="PASS" signature="teatDown()[pri:0, instance:Ohrm.OrangeHRM.OrangeHRMLogin@79698539]" name="teatDown" is-config="true" duration-ms="830" started-at="2022-11-13T00:40:59Z" finished-at="2022-11-13T00:41:00Z">
          <reporter-output>
          </reporter-output>
        </test-method> <!-- teatDown -->
      </class> <!-- Ohrm.OrangeHRM.OrangeHRMLogin -->
    </test> <!-- Default test -->
  </suite> <!-- Default suite -->
</testng-results>
